<?xml version="1.0" encoding="UTF-8"?>
<testng-results ignored="1" total="2" passed="0" failed="1" skipped="0">
  <reporter-output>
    <line>
      <![CDATA[<b>INFO: </b>Test case 001: Verify the product information loaded correctly]]>
    </line>
    <line>
      <![CDATA[09.27.2022 - 14:53:12 - INFO: Test case 001: Verify the product information loaded correctly]]>
    </line>
    <line>
      <![CDATA[<b>INFO: </b>Step 1: Navigate to "TIKI" website]]>
    </line>
    <line>
      <![CDATA[09.27.2022 - 14:53:12 - INFO: Step 1: Navigate to "TIKI" website]]>
    </line>
    <line>
      <![CDATA[<b style="color: blue;word-break:break-word;"><i style="color: orange">VERIFY POINT: </i>Verify that: "Tìm sản phẩm ..." textbox is displayed</b>]]>
    </line>
    <line>
      <![CDATA[09.27.2022 - 14:53:15 - VERIFY POINT: Verify that: "Tìm sản phẩm ..." textbox is displayed]]>
    </line>
    <line>
      <![CDATA[<b style="color: blue;word-break:break-word;"><i style="color: orange">VERIFY POINT: </i>"Tìm kiếm" button is displayed</b>]]>
    </line>
    <line>
      <![CDATA[09.27.2022 - 14:53:15 - VERIFY POINT: "Tìm kiếm" button is displayed]]>
    </line>
    <line>
      <![CDATA[<b>INFO: </b>Step 2: On home page, enter value in "Tìm sản phẩm ..." textbox]]>
    </line>
    <line>
      <![CDATA[09.27.2022 - 14:53:15 - INFO: Step 2: On home page, enter value in "Tìm sản phẩm ..." textbox]]>
    </line>
    <line>
      <![CDATA[<b>INFO: </b>Step 3: Click "Tìm kiếm" button]]>
    </line>
    <line>
      <![CDATA[09.27.2022 - 14:53:15 - INFO: Step 3: Click "Tìm kiếm" button]]>
    </line>
    <line>
      <![CDATA[<b style="color: blue;word-break:break-word;"><i style="color: orange">VERIFY POINT: </i>Verify that: Breadcrumb is "Trang chủ > Điện thoại"</b>]]>
    </line>
    <line>
      <![CDATA[09.27.2022 - 14:53:19 - VERIFY POINT: Verify that: Breadcrumb is "Trang chủ > Điện thoại"]]>
    </line>
    <line>
      <![CDATA[<b style="color: blue;word-break:break-word;"><i style="color: orange">VERIFY POINT: </i>Verify that: "Kết quả tìm kiếm cho `Điện thoại`" title is displayed</b>]]>
    </line>
    <line>
      <![CDATA[09.27.2022 - 14:53:19 - VERIFY POINT: Verify that: "Kết quả tìm kiếm cho `Điện thoại`" title is displayed]]>
    </line>
    <line>
      <![CDATA[<b>INFO: </b>Step 4: Select any item from result grid]]>
    </line>
    <line>
      <![CDATA[09.27.2022 - 14:53:19 - INFO: Step 4: Select any item from result grid]]>
    </line>
  </reporter-output>
  <suite started-at="2022-09-27T14:53:10 ICT" name="Default suite" finished-at="2022-09-27T14:53:50 ICT" duration-ms="40132">
    <groups>
    </groups>
    <test started-at="2022-09-27T14:53:10 ICT" name="Default test" finished-at="2022-09-27T14:53:50 ICT" duration-ms="40132">
      <class name="Tiki.TikiTest">
        <test-method is-config="true" signature="beforeMethod(java.lang.String,java.lang.String,org.testng.ITestContext,java.lang.reflect.Method)[pri:0, instance:Tiki.TikiTest@bd4dc25]" started-at="2022-09-27T14:53:10 ICT" name="beforeMethod" finished-at="2022-09-27T14:53:12 ICT" duration-ms="2890" status="PASS">
          <params>
            <param index="0">
              <value>
                <![CDATA[Chrome]]>
              </value>
            </param>
            <param index="1">
              <value>
                <![CDATA[Local]]>
              </value>
            </param>
            <param index="2">
              <value>
                <![CDATA[org.testng.TestRunner@203c20cf]]>
              </value>
            </param>
            <param index="3">
              <value>
                <![CDATA[public void Tiki.TikiTest.TestCase001()]]>
              </value>
            </param>
          </params>
          <reporter-output>
          </reporter-output>
        </test-method> <!-- beforeMethod -->
        <test-method signature="TestCase001()[pri:0, instance:Tiki.TikiTest@bd4dc25]" started-at="2022-09-27T14:53:12 ICT" name="TestCase001" finished-at="2022-09-27T14:53:49 ICT" duration-ms="36988" status="FAIL">
          <exception class="org.openqa.selenium.TimeoutException">
            <message>
              <![CDATA[Expected condition failed: waiting for presence of any elements located by By.xpath: //a[@class='product-item']//div[@class='name']/span (tried for 30 second(s) with 500 milliseconds interval)
Build info: version: '3.141.59', revision: 'e82be7d358', time: '2018-11-14T08:17:03'
System info: host: 'DESKTOP-QOMCG4H', ip: '192.168.1.12', os.name: 'Windows 10', os.arch: 'amd64', os.version: '10.0', java.version: '17.0.3'
Driver info: org.openqa.selenium.chrome.ChromeDriver
Capabilities {acceptInsecureCerts: false, browserName: chrome, browserVersion: 105.0.5195.127, chrome: {chromedriverVersion: 105.0.5195.52 (412c95e51883..., userDataDir: C:\Users\thang\AppData\Loca...}, goog:chromeOptions: {debuggerAddress: localhost:51400}, javascriptEnabled: true, networkConnectionEnabled: false, pageLoadStrategy: normal, platform: WINDOWS, platformName: WINDOWS, proxy: Proxy(), setWindowRect: true, strictFileInteractability: false, timeouts: {implicit: 0, pageLoad: 300000, script: 30000}, unhandledPromptBehavior: dismiss and notify, webauthn:extension:credBlob: true, webauthn:extension:largeBlob: true, webauthn:virtualAuthenticators: true}
Session ID: 1bd1cd59e281ea4de2176639dcef0896]]>
            </message>
            <full-stacktrace>
              <![CDATA[org.openqa.selenium.TimeoutException: Expected condition failed: waiting for presence of any elements located by By.xpath: //a[@class='product-item']//div[@class='name']/span (tried for 30 second(s) with 500 milliseconds interval)
Build info: version: '3.141.59', revision: 'e82be7d358', time: '2018-11-14T08:17:03'
System info: host: 'DESKTOP-QOMCG4H', ip: '192.168.1.12', os.name: 'Windows 10', os.arch: 'amd64', os.version: '10.0', java.version: '17.0.3'
Driver info: org.openqa.selenium.chrome.ChromeDriver
Capabilities {acceptInsecureCerts: false, browserName: chrome, browserVersion: 105.0.5195.127, chrome: {chromedriverVersion: 105.0.5195.52 (412c95e51883..., userDataDir: C:\Users\thang\AppData\Loca...}, goog:chromeOptions: {debuggerAddress: localhost:51400}, javascriptEnabled: true, networkConnectionEnabled: false, pageLoadStrategy: normal, platform: WINDOWS, platformName: WINDOWS, proxy: Proxy(), setWindowRect: true, strictFileInteractability: false, timeouts: {implicit: 0, pageLoad: 300000, script: 30000}, unhandledPromptBehavior: dismiss and notify, webauthn:extension:credBlob: true, webauthn:extension:largeBlob: true, webauthn:virtualAuthenticators: true}
Session ID: 1bd1cd59e281ea4de2176639dcef0896
at org.openqa.selenium.support.ui.WebDriverWait.timeoutException(WebDriverWait.java:95)
at org.openqa.selenium.support.ui.FluentWait.until(FluentWait.java:272)
at ElementWrapper.BaseElement.waitForAllElementsPresent(BaseElement.java:98)
at Tiki.ProductSearchPage.getRandomProductInformation(ProductSearchPage.java:44)
at Tiki.TikiTest.TestCase001(TikiTest.java:43)
at java.base/jdk.internal.reflect.NativeMethodAccessorImpl.invoke0(Native Method)
at java.base/jdk.internal.reflect.NativeMethodAccessorImpl.invoke(NativeMethodAccessorImpl.java:77)
at java.base/jdk.internal.reflect.DelegatingMethodAccessorImpl.invoke(DelegatingMethodAccessorImpl.java:43)
at java.base/java.lang.reflect.Method.invoke(Method.java:568)
at org.testng.internal.MethodInvocationHelper.invokeMethod(MethodInvocationHelper.java:133)
at org.testng.internal.TestInvoker.invokeMethod(TestInvoker.java:598)
at org.testng.internal.TestInvoker.invokeTestMethod(TestInvoker.java:173)
at org.testng.internal.MethodRunner.runInSequence(MethodRunner.java:46)
at org.testng.internal.TestInvoker$MethodInvocationAgent.invoke(TestInvoker.java:824)
at org.testng.internal.TestInvoker.invokeTestMethods(TestInvoker.java:146)
at org.testng.internal.TestMethodWorker.invokeTestMethods(TestMethodWorker.java:146)
at org.testng.internal.TestMethodWorker.run(TestMethodWorker.java:128)
at java.base/java.util.ArrayList.forEach(ArrayList.java:1511)
at org.testng.TestRunner.privateRun(TestRunner.java:794)
at org.testng.TestRunner.run(TestRunner.java:596)
at org.testng.SuiteRunner.runTest(SuiteRunner.java:377)
at org.testng.SuiteRunner.runSequentially(SuiteRunner.java:371)
at org.testng.SuiteRunner.privateRun(SuiteRunner.java:332)
at org.testng.SuiteRunner.run(SuiteRunner.java:276)
at org.testng.SuiteRunnerWorker.runSuite(SuiteRunnerWorker.java:53)
at org.testng.SuiteRunnerWorker.run(SuiteRunnerWorker.java:96)
at org.testng.TestNG.runSuitesSequentially(TestNG.java:1212)
at org.testng.TestNG.runSuitesLocally(TestNG.java:1134)
at org.testng.TestNG.runSuites(TestNG.java:1063)
at org.testng.TestNG.run(TestNG.java:1031)
at org.testng.remote.AbstractRemoteTestNG.run(AbstractRemoteTestNG.java:115)
at org.testng.remote.RemoteTestNG.initAndRun(RemoteTestNG.java:251)
at org.testng.remote.RemoteTestNG.main(RemoteTestNG.java:77)
]]>
            </full-stacktrace>
          </exception> <!-- org.openqa.selenium.TimeoutException -->
          <reporter-output>
            <line>
              <![CDATA[<b>INFO: </b>Test case 001: Verify the product information loaded correctly]]>
            </line>
            <line>
              <![CDATA[09.27.2022 - 14:53:12 - INFO: Test case 001: Verify the product information loaded correctly]]>
            </line>
            <line>
              <![CDATA[<b>INFO: </b>Step 1: Navigate to "TIKI" website]]>
            </line>
            <line>
              <![CDATA[09.27.2022 - 14:53:12 - INFO: Step 1: Navigate to "TIKI" website]]>
            </line>
            <line>
              <![CDATA[<b style="color: blue;word-break:break-word;"><i style="color: orange">VERIFY POINT: </i>Verify that: "Tìm sản phẩm ..." textbox is displayed</b>]]>
            </line>
            <line>
              <![CDATA[09.27.2022 - 14:53:15 - VERIFY POINT: Verify that: "Tìm sản phẩm ..." textbox is displayed]]>
            </line>
            <line>
              <![CDATA[<b style="color: blue;word-break:break-word;"><i style="color: orange">VERIFY POINT: </i>"Tìm kiếm" button is displayed</b>]]>
            </line>
            <line>
              <![CDATA[09.27.2022 - 14:53:15 - VERIFY POINT: "Tìm kiếm" button is displayed]]>
            </line>
            <line>
              <![CDATA[<b>INFO: </b>Step 2: On home page, enter value in "Tìm sản phẩm ..." textbox]]>
            </line>
            <line>
              <![CDATA[09.27.2022 - 14:53:15 - INFO: Step 2: On home page, enter value in "Tìm sản phẩm ..." textbox]]>
            </line>
            <line>
              <![CDATA[<b>INFO: </b>Step 3: Click "Tìm kiếm" button]]>
            </line>
            <line>
              <![CDATA[09.27.2022 - 14:53:15 - INFO: Step 3: Click "Tìm kiếm" button]]>
            </line>
            <line>
              <![CDATA[<b style="color: blue;word-break:break-word;"><i style="color: orange">VERIFY POINT: </i>Verify that: Breadcrumb is "Trang chủ > Điện thoại"</b>]]>
            </line>
            <line>
              <![CDATA[09.27.2022 - 14:53:19 - VERIFY POINT: Verify that: Breadcrumb is "Trang chủ > Điện thoại"]]>
            </line>
            <line>
              <![CDATA[<b style="color: blue;word-break:break-word;"><i style="color: orange">VERIFY POINT: </i>Verify that: "Kết quả tìm kiếm cho `Điện thoại`" title is displayed</b>]]>
            </line>
            <line>
              <![CDATA[09.27.2022 - 14:53:19 - VERIFY POINT: Verify that: "Kết quả tìm kiếm cho `Điện thoại`" title is displayed]]>
            </line>
            <line>
              <![CDATA[<b>INFO: </b>Step 4: Select any item from result grid]]>
            </line>
            <line>
              <![CDATA[09.27.2022 - 14:53:19 - INFO: Step 4: Select any item from result grid]]>
            </line>
          </reporter-output>
        </test-method> <!-- TestCase001 -->
        <test-method is-config="true" signature="afterMethod()[pri:0, instance:Tiki.TikiTest@bd4dc25]" started-at="2022-09-27T14:53:49 ICT" name="afterMethod" finished-at="2022-09-27T14:53:50 ICT" duration-ms="221" status="PASS">
          <reporter-output>
          </reporter-output>
        </test-method> <!-- afterMethod -->
      </class> <!-- Tiki.TikiTest -->
    </test> <!-- Default test -->
  </suite> <!-- Default suite -->
</testng-results>
